{"name": "test_github", "status": "failed", "statusDetails": {"message": "selene.core.exceptions.TimeoutException: Message: \n\nTimed out after 4s, while waiting for:\nbrowser.element(('xpath', './/*[text()[contains(normalize-space(.), concat(\"\", \"#766\"))]]')).is visible\n\nReason: NoSuchElementException: no such element: Unable to locate element: {\"method\":\"xpath\",\"selector\":\".//*[text()[contains(normalize-space(.), concat(\"\", \"#766\"))]]\"}\n  (Session info: chrome=130.0.6723.119); For documentation on this error, please visit: https://www.selenium.dev/documentation/webdriver/troubleshooting/errors#no-such-element-exception\nScreenshot: file://C:\\Users\\Aliaksandr Rabau\\.selene\\screenshots\\1731787382904\\1731787382904.png\nPageSource: file://C:\\Users\\Aliaksandr Rabau\\.selene\\screenshots\\1731787382904\\1731787382904.html", "trace": "fn = <selene.core.conditions.ElementCondition object at 0x000001DE1027AED0>\n\n    def logic(fn: Callable[[E], R]) -> R:\n        finish_time = time.time() + self._timeout\n    \n        while True:\n            try:\n>               return fn(self.entity)\n\n..\\.venv\\Lib\\site-packages\\selene\\core\\wait.py:119: \n_ _ _ _ _ _ _ _ _ _ _ _ _ _ _ _ _ _ _ _ _ _ _ _ _ _ _ _ _ _ _ _ _ _ _ _ _ _ _ _\n..\\.venv\\Lib\\site-packages\\selene\\core\\condition.py:174: in __call__\n    return self._fn(entity)\n..\\.venv\\Lib\\site-packages\\selene\\core\\condition.py:121: in fn\n    if not predicate(entity):\n..\\.venv\\Lib\\site-packages\\selene\\core\\match.py:38: in <lambda>\n    'is visible', lambda element: element().is_displayed()\n..\\.venv\\Lib\\site-packages\\selene\\core\\entity.py:192: in __call__\n    return self.locate()\n..\\.venv\\Lib\\site-packages\\selene\\core\\entity.py:185: in locate\n    return self._locator()\n..\\.venv\\Lib\\site-packages\\selene\\core\\locator.py:34: in __call__\n    return self._locate()\n..\\.venv\\Lib\\site-packages\\selene\\core\\_browser.py:71: in <lambda>\n    Locator(f'{self}.element({by})', lambda: self.driver.find_element(*by)),\n..\\.venv\\Lib\\site-packages\\selenium\\webdriver\\remote\\webdriver.py:766: in find_element\n    return self.execute(Command.FIND_ELEMENT, {\"using\": by, \"value\": value})[\"value\"]\n..\\.venv\\Lib\\site-packages\\selenium\\webdriver\\remote\\webdriver.py:380: in execute\n    self.error_handler.check_response(response)\n_ _ _ _ _ _ _ _ _ _ _ _ _ _ _ _ _ _ _ _ _ _ _ _ _ _ _ _ _ _ _ _ _ _ _ _ _ _ _ _\n\nself = <selenium.webdriver.remote.errorhandler.ErrorHandler object at 0x000001DE0F682060>\nresponse = {'status': 404, 'value': '{\"value\":{\"error\":\"no such element\",\"message\":\"no such element: Unable to locate element: {\\...07FF700B1BD79]\\\\n\\\\tBaseThreadInitThunk [0x00007FFE45AB7374+20]\\\\n\\\\tRtlUserThreadStart [0x00007FFE478DCC91+33]\\\\n\"}}'}\n\n    def check_response(self, response: Dict[str, Any]) -> None:\n        \"\"\"Checks that a JSON response from the WebDriver does not have an\n        error.\n    \n        :Args:\n         - response - The JSON response from the WebDriver server as a dictionary\n           object.\n    \n        :Raises: If the response contains an error message.\n        \"\"\"\n        status = response.get(\"status\", None)\n        if not status or status == ErrorCode.SUCCESS:\n            return\n        value = None\n        message = response.get(\"message\", \"\")\n        screen: str = response.get(\"screen\", \"\")\n        stacktrace = None\n        if isinstance(status, int):\n            value_json = response.get(\"value\", None)\n            if value_json and isinstance(value_json, str):\n                import json\n    \n                try:\n                    value = json.loads(value_json)\n                    if len(value) == 1:\n                        value = value[\"value\"]\n                    status = value.get(\"error\", None)\n                    if not status:\n                        status = value.get(\"status\", ErrorCode.UNKNOWN_ERROR)\n                        message = value.get(\"value\") or value.get(\"message\")\n                        if not isinstance(message, str):\n                            value = message\n                            message = message.get(\"message\")\n                    else:\n                        message = value.get(\"message\", None)\n                except ValueError:\n                    pass\n    \n        exception_class: Type[WebDriverException]\n        e = ErrorCode()\n        error_codes = [item for item in dir(e) if not item.startswith(\"__\")]\n        for error_code in error_codes:\n            error_info = getattr(ErrorCode, error_code)\n            if isinstance(error_info, list) and status in error_info:\n                exception_class = getattr(ExceptionMapping, error_code, WebDriverException)\n                break\n        else:\n            exception_class = WebDriverException\n    \n        if not value:\n            value = response[\"value\"]\n        if isinstance(value, str):\n            raise exception_class(value)\n        if message == \"\" and \"message\" in value:\n            message = value[\"message\"]\n    \n        screen = None  # type: ignore[assignment]\n        if \"screen\" in value:\n            screen = value[\"screen\"]\n    \n        stacktrace = None\n        st_value = value.get(\"stackTrace\") or value.get(\"stacktrace\")\n        if st_value:\n            if isinstance(st_value, str):\n                stacktrace = st_value.split(\"\\n\")\n            else:\n                stacktrace = []\n                try:\n                    for frame in st_value:\n                        line = frame.get(\"lineNumber\", \"\")\n                        file = frame.get(\"fileName\", \"<anonymous>\")\n                        if line:\n                            file = f\"{file}:{line}\"\n                        meth = frame.get(\"methodName\", \"<anonymous>\")\n                        if \"className\" in frame:\n                            meth = f\"{frame['className']}.{meth}\"\n                        msg = \"    at %s (%s)\"\n                        msg = msg % (meth, file)\n                        stacktrace.append(msg)\n                except TypeError:\n                    pass\n        if exception_class == UnexpectedAlertPresentException:\n            alert_text = None\n            if \"data\" in value:\n                alert_text = value[\"data\"].get(\"text\")\n            elif \"alert\" in value:\n                alert_text = value[\"alert\"].get(\"text\")\n            raise exception_class(message, screen, stacktrace, alert_text)  # type: ignore[call-arg]  # mypy is not smart enough here\n>       raise exception_class(message, screen, stacktrace)\nE       selenium.common.exceptions.NoSuchElementException: Message: no such element: Unable to locate element: {\"method\":\"xpath\",\"selector\":\".//*[text()[contains(normalize-space(.), concat(\"\", \"#766\"))]]\"}\nE         (Session info: chrome=130.0.6723.119); For documentation on this error, please visit: https://www.selenium.dev/documentation/webdriver/troubleshooting/errors#no-such-element-exception\nE       Stacktrace:\nE       \tGetHandleVerifier [0x00007FF700E8E1F5+2972373]\nE       \t(No symbol) [0x00007FF700B255F0]\nE       \t(No symbol) [0x00007FF7009C57FA]\nE       \t(No symbol) [0x00007FF700A15A3E]\nE       \t(No symbol) [0x00007FF700A15D2C]\nE       \t(No symbol) [0x00007FF700A5EAB7]\nE       \t(No symbol) [0x00007FF700A3BABF]\nE       \t(No symbol) [0x00007FF700A5B8CC]\nE       \t(No symbol) [0x00007FF700A3B823]\nE       \t(No symbol) [0x00007FF700A075E8]\nE       \t(No symbol) [0x00007FF700A08751]\nE       \tGetHandleVerifier [0x00007FF700EB47BD+3129501]\nE       \tGetHandleVerifier [0x00007FF700F04D00+3458528]\nE       \tGetHandleVerifier [0x00007FF700EFB05D+3418429]\nE       \tGetHandleVerifier [0x00007FF700C8687B+844123]\nE       \t(No symbol) [0x00007FF700B30AFF]\nE       \t(No symbol) [0x00007FF700B2C6D4]\nE       \t(No symbol) [0x00007FF700B2C86D]\nE       \t(No symbol) [0x00007FF700B1BD79]\nE       \tBaseThreadInitThunk [0x00007FFE45AB7374+20]\nE       \tRtlUserThreadStart [0x00007FFE478DCC91+33]\n\n..\\.venv\\Lib\\site-packages\\selenium\\webdriver\\remote\\errorhandler.py:229: NoSuchElementException\n\nDuring handling of the above exception, another exception occurred:\n\n    def  test_github():\n        with allure.step(\"Open the main page\"):\n            browser.config.window_width = 1920\n    \n        browser.config.window_height = 1080\n    \n        browser.open('https://github.com')\n    \n        with allure.step(\"Find repository\"):\n            s(\"span[data-target='qbsearch-input.inputButtonText']\").click()\n            s(\"#query-builder-test\").send_keys(\"eroshenkoam/allure-example\")\n            s(\"#query-builder-test\").send_keys(Keys.ENTER)\n        with allure.step(\"Follow the link\"):\n            s(by.link_text('eroshenkoam/allure-example')).click()\n        with allure.step(\"Open the Issues Tab\"):\n            s(\"span[data-content='Issues']\").click()\n        with allure.step(\"Check whether issue #76 is available\"):\n>           s(by.partial_text(\"#766\")).should(be.visible)\n\ntest_steps.py:26: \n_ _ _ _ _ _ _ _ _ _ _ _ _ _ _ _ _ _ _ _ _ _ _ _ _ _ _ _ _ _ _ _ _ _ _ _ _ _ _ _\n..\\.venv\\Lib\\site-packages\\selene\\core\\entity.py:132: in should\n    self.wait.for_(condition)\n..\\.venv\\Lib\\site-packages\\selene\\core\\wait.py:150: in for_\n    return self._decorator(self)(logic)(fn)\n_ _ _ _ _ _ _ _ _ _ _ _ _ _ _ _ _ _ _ _ _ _ _ _ _ _ _ _ _ _ _ _ _ _ _ _ _ _ _ _\n\nfn = <selene.core.conditions.ElementCondition object at 0x000001DE1027AED0>\n\n    def logic(fn: Callable[[E], R]) -> R:\n        finish_time = time.time() + self._timeout\n    \n        while True:\n            try:\n                return fn(self.entity)\n            except Exception as reason:\n                if time.time() > finish_time:\n                    reason_string = '{name}: {message}'.format(\n                        name=reason.__class__.__name__,\n                        message=getattr(reason, \"msg\", str(reason)),\n                    )\n                    # TODO: think on how can we improve logging failures in selene, e.g. reverse msg and stacktrace\n                    # stacktrace = getattr(reason, 'stacktrace', None)\n                    # TODO: should we have an option to turn on stacktrace logging?\n                    timeout = self._timeout\n                    entity = self.entity\n    \n                    # if it's a normal function, it should have __qualname__,\n                    # then use it, otherwise use str(fn)\n                    fn_name = getattr(\n                        fn,\n                        '__qualname__',\n                        getattr(fn, '__str__', lambda: str(fn))(),\n                    )\n    \n                    failure = TimeoutException(\n                        f'\\n'\n                        f'\\nTimed out after {timeout}s, while waiting for:'\n                        f'\\n{entity}.{fn_name}'\n                        f'\\n'\n                        f'\\nReason: {reason_string}'\n                    )\n    \n>                   raise self._hook_failure(failure)\nE                   selene.core.exceptions.TimeoutException: Message: \nE                   \nE                   Timed out after 4s, while waiting for:\nE                   browser.element(('xpath', './/*[text()[contains(normalize-space(.), concat(\"\", \"#766\"))]]')).is visible\nE                   \nE                   Reason: NoSuchElementException: no such element: Unable to locate element: {\"method\":\"xpath\",\"selector\":\".//*[text()[contains(normalize-space(.), concat(\"\", \"#766\"))]]\"}\nE                     (Session info: chrome=130.0.6723.119); For documentation on this error, please visit: https://www.selenium.dev/documentation/webdriver/troubleshooting/errors#no-such-element-exception\nE                   Screenshot: file://C:\\Users\\Aliaksandr Rabau\\.selene\\screenshots\\1731787382904\\1731787382904.png\nE                   PageSource: file://C:\\Users\\Aliaksandr Rabau\\.selene\\screenshots\\1731787382904\\1731787382904.html\n\n..\\.venv\\Lib\\site-packages\\selene\\core\\wait.py:148: TimeoutException"}, "steps": [{"name": "Open the main page", "status": "passed", "start": 1731787382919, "stop": 1731787382919}, {"name": "Find repository", "status": "passed", "start": 1731787388022, "stop": 1731787388812}, {"name": "Follow the link", "status": "passed", "start": 1731787388812, "stop": 1731787390325}, {"name": "Open the Issues Tab", "status": "passed", "start": 1731787390325, "stop": 1731787391138}, {"name": "Check whether issue #76 is available", "status": "failed", "statusDetails": {"message": "selene.core.exceptions.TimeoutException: Message: \n\nTimed out after 4s, while waiting for:\nbrowser.element(('xpath', './/*[text()[contains(normalize-space(.), concat(\"\", \"#766\"))]]')).is visible\n\nReason: NoSuchElementException: no such element: Unable to locate element: {\"method\":\"xpath\",\"selector\":\".//*[text()[contains(normalize-space(.), concat(\"\", \"#766\"))]]\"}\n  (Session info: chrome=130.0.6723.119); For documentation on this error, please visit: https://www.selenium.dev/documentation/webdriver/troubleshooting/errors#no-such-element-exception\nScreenshot: file://C:\\Users\\Aliaksandr Rabau\\.selene\\screenshots\\1731787382904\\1731787382904.png\nPageSource: file://C:\\Users\\Aliaksandr Rabau\\.selene\\screenshots\\1731787382904\\1731787382904.html\n\n", "trace": "  File \"D:\\MyProjects\\QA GURU\\tests\\test_steps.py\", line 26, in test_github\n    s(by.partial_text(\"#766\")).should(be.visible)\n  File \"D:\\MyProjects\\QA GURU\\.venv\\Lib\\site-packages\\selene\\core\\entity.py\", line 132, in should\n    self.wait.for_(condition)\n  File \"D:\\MyProjects\\QA GURU\\.venv\\Lib\\site-packages\\selene\\core\\wait.py\", line 150, in for_\n    return self._decorator(self)(logic)(fn)\n           ^^^^^^^^^^^^^^^^^^^^^^^^^^^^^^^^\n  File \"D:\\MyProjects\\QA GURU\\.venv\\Lib\\site-packages\\selene\\core\\wait.py\", line 148, in logic\n    raise self._hook_failure(failure)\n"}, "start": 1731787391138, "stop": 1731787395317}], "start": 1731787382919, "stop": 1731787395320, "uuid": "36a86811-3436-4e96-b6b8-e09d12392a8a", "historyId": "2f841c030648b168c1a446edf43fa335", "testCaseId": "2f841c030648b168c1a446edf43fa335", "fullName": "test_steps#test_github", "labels": [{"name": "suite", "value": "test_steps"}, {"name": "host", "value": "Bear"}, {"name": "thread", "value": "19848-MainThread"}, {"name": "framework", "value": "pytest"}, {"name": "language", "value": "cpython3"}, {"name": "package", "value": "test_steps"}]}